0 info it worked if it ends with ok
1 verbose cli [ '/usr/local/bin/node',
1 verbose cli   '/usr/local/bin/npm',
1 verbose cli   'install',
1 verbose cli   '-g',
1 verbose cli   'typescript' ]
2 info using npm@2.15.9
3 info using node@v4.6.0
4 verbose install initial load of /usr/local/lib/package.json
5 verbose readDependencies loading dependencies from /usr/local/lib/package.json
6 silly cache add args [ 'typescript', null ]
7 verbose cache add spec typescript
8 silly cache add parsed spec Result {
8 silly cache add   raw: 'typescript',
8 silly cache add   scope: null,
8 silly cache add   name: 'typescript',
8 silly cache add   rawSpec: '',
8 silly cache add   spec: 'latest',
8 silly cache add   type: 'tag' }
9 silly addNamed typescript@latest
10 verbose addNamed "latest" is being treated as a dist-tag for typescript
11 info addNameTag [ 'typescript', 'latest' ]
12 silly mapToRegistry name typescript
13 silly mapToRegistry using default registry
14 silly mapToRegistry registry https://registry.npmjs.org/
15 silly mapToRegistry data Result {
15 silly mapToRegistry   raw: 'typescript',
15 silly mapToRegistry   scope: null,
15 silly mapToRegistry   name: 'typescript',
15 silly mapToRegistry   rawSpec: '',
15 silly mapToRegistry   spec: 'latest',
15 silly mapToRegistry   type: 'tag' }
16 silly mapToRegistry uri https://registry.npmjs.org/typescript
17 verbose addNameTag registry:https://registry.npmjs.org/typescript not in flight; fetching
18 verbose request uri https://registry.npmjs.org/typescript
19 verbose request no auth needed
20 info attempt registry request try #1 at 5:00:21 PM
21 verbose request id cc8e272787258813
22 http request GET https://registry.npmjs.org/typescript
23 http 200 https://registry.npmjs.org/typescript
24 verbose headers { server: 'CouchDB/1.5.0 (Erlang OTP/R16B03)',
24 verbose headers   etag: '"A69JFOY873EFY0YKVK12KQ1EH"',
24 verbose headers   'content-type': 'application/json',
24 verbose headers   'content-encoding': 'gzip',
24 verbose headers   'cache-control': 'max-age=300',
24 verbose headers   'content-length': '74478',
24 verbose headers   'accept-ranges': 'bytes',
24 verbose headers   date: 'Thu, 13 Oct 2016 00:00:22 GMT',
24 verbose headers   via: '1.1 varnish',
24 verbose headers   age: '100',
24 verbose headers   connection: 'keep-alive',
24 verbose headers   'x-served-by': 'cache-lax8630-LAX',
24 verbose headers   'x-cache': 'HIT',
24 verbose headers   'x-cache-hits': '1',
24 verbose headers   'x-timer': 'S1476316822.496318,VS0,VE1',
24 verbose headers   vary: 'Accept-Encoding' }
25 silly get cb [ 200,
25 silly get   { server: 'CouchDB/1.5.0 (Erlang OTP/R16B03)',
25 silly get     etag: '"A69JFOY873EFY0YKVK12KQ1EH"',
25 silly get     'content-type': 'application/json',
25 silly get     'content-encoding': 'gzip',
25 silly get     'cache-control': 'max-age=300',
25 silly get     'content-length': '74478',
25 silly get     'accept-ranges': 'bytes',
25 silly get     date: 'Thu, 13 Oct 2016 00:00:22 GMT',
25 silly get     via: '1.1 varnish',
25 silly get     age: '100',
25 silly get     connection: 'keep-alive',
25 silly get     'x-served-by': 'cache-lax8630-LAX',
25 silly get     'x-cache': 'HIT',
25 silly get     'x-cache-hits': '1',
25 silly get     'x-timer': 'S1476316822.496318,VS0,VE1',
25 silly get     vary: 'Accept-Encoding' } ]
26 verbose get saving typescript to /Users/test/.npm/registry.npmjs.org/typescript/.cache.json
27 verbose correctMkdir /Users/test/.npm correctMkdir not in flight; initializing
28 silly addNameTag next cb for typescript with tag latest
29 silly addNamed typescript@2.0.3
30 verbose addNamed "2.0.3" is a plain semver version for typescript
31 silly mapToRegistry name typescript
32 silly mapToRegistry using default registry
33 silly mapToRegistry registry https://registry.npmjs.org/
34 silly mapToRegistry data Result {
34 silly mapToRegistry   raw: 'typescript',
34 silly mapToRegistry   scope: null,
34 silly mapToRegistry   name: 'typescript',
34 silly mapToRegistry   rawSpec: '',
34 silly mapToRegistry   spec: 'latest',
34 silly mapToRegistry   type: 'tag' }
35 silly mapToRegistry uri https://registry.npmjs.org/typescript
36 verbose addRemoteTarball https://registry.npmjs.org/typescript/-/typescript-2.0.3.tgz not in flight; adding
37 verbose addRemoteTarball [ 'https://registry.npmjs.org/typescript/-/typescript-2.0.3.tgz',
37 verbose addRemoteTarball   '33dec9eae86b8eee327dd419ca050c853cabd514' ]
38 info retry fetch attempt 1 at 5:00:21 PM
39 info attempt registry request try #1 at 5:00:21 PM
40 http fetch GET https://registry.npmjs.org/typescript/-/typescript-2.0.3.tgz
41 http fetch 200 https://registry.npmjs.org/typescript/-/typescript-2.0.3.tgz
42 silly fetchAndShaCheck shasum 33dec9eae86b8eee327dd419ca050c853cabd514
43 verbose addTmpTarball /var/folders/dv/3z87wzt17zq_dg6ryjmvvc300000gn/T/npm-2080-9f2053d6/registry.npmjs.org/typescript/-/typescript-2.0.3.tgz not in flight; adding
44 verbose addTmpTarball already have metadata; skipping unpack for typescript@2.0.3
45 verbose correctMkdir /Users/test/.npm correctMkdir not in flight; initializing
46 silly cache afterAdd typescript@2.0.3
47 verbose afterAdd /Users/test/.npm/typescript/2.0.3/package/package.json not in flight; writing
48 verbose correctMkdir /Users/test/.npm correctMkdir not in flight; initializing
49 verbose afterAdd /Users/test/.npm/typescript/2.0.3/package/package.json written
50 silly install resolved [ { name: 'typescript',
50 silly install resolved     author: { name: 'Microsoft Corp.' },
50 silly install resolved     homepage: 'http://typescriptlang.org/',
50 silly install resolved     version: '2.0.3',
50 silly install resolved     license: 'Apache-2.0',
50 silly install resolved     description: 'TypeScript is a language for application scale JavaScript development',
50 silly install resolved     keywords: [ 'TypeScript', 'Microsoft', 'compiler', 'language', 'javascript' ],
50 silly install resolved     bugs: { url: 'https://github.com/Microsoft/TypeScript/issues' },
50 silly install resolved     repository:
50 silly install resolved      { type: 'git',
50 silly install resolved        url: 'git+https://github.com/Microsoft/TypeScript.git' },
50 silly install resolved     main: './lib/typescript.js',
50 silly install resolved     typings: './lib/typescript.d.ts',
50 silly install resolved     bin: { tsc: './bin/tsc', tsserver: './bin/tsserver' },
50 silly install resolved     engines: { node: '>=0.8.0' },
50 silly install resolved     devDependencies:
50 silly install resolved      { '@types/browserify': 'latest',
50 silly install resolved        '@types/chai': 'latest',
50 silly install resolved        '@types/convert-source-map': 'latest',
50 silly install resolved        '@types/del': 'latest',
50 silly install resolved        '@types/glob': 'latest',
50 silly install resolved        '@types/gulp': 'latest',
50 silly install resolved        '@types/gulp-concat': 'latest',
50 silly install resolved        '@types/gulp-help': 'latest',
50 silly install resolved        '@types/gulp-newer': 'latest',
50 silly install resolved        '@types/gulp-sourcemaps': 'latest',
50 silly install resolved        '@types/gulp-typescript': 'latest',
50 silly install resolved        '@types/merge2': 'latest',
50 silly install resolved        '@types/minimatch': 'latest',
50 silly install resolved        '@types/minimist': 'latest',
50 silly install resolved        '@types/mkdirp': 'latest',
50 silly install resolved        '@types/mocha': 'latest',
50 silly install resolved        '@types/node': 'latest',
50 silly install resolved        '@types/q': 'latest',
50 silly install resolved        '@types/run-sequence': 'latest',
50 silly install resolved        '@types/through2': 'latest',
50 silly install resolved        browserify: 'latest',
50 silly install resolved        chai: 'latest',
50 silly install resolved        'convert-source-map': 'latest',
50 silly install resolved        del: 'latest',
50 silly install resolved        gulp: 'latest',
50 silly install resolved        'gulp-clone': 'latest',
50 silly install resolved        'gulp-concat': 'latest',
50 silly install resolved        'gulp-help': 'latest',
50 silly install resolved        'gulp-insert': 'latest',
50 silly install resolved        'gulp-newer': 'latest',
50 silly install resolved        'gulp-sourcemaps': 'latest',
50 silly install resolved        'gulp-typescript': 'latest',
50 silly install resolved        'into-stream': 'latest',
50 silly install resolved        istanbul: 'latest',
50 silly install resolved        jake: 'latest',
50 silly install resolved        merge2: 'latest',
50 silly install resolved        minimist: 'latest',
50 silly install resolved        mkdirp: 'latest',
50 silly install resolved        mocha: 'latest',
50 silly install resolved        'mocha-fivemat-progress-reporter': 'latest',
50 silly install resolved        q: 'latest',
50 silly install resolved        'run-sequence': 'latest',
50 silly install resolved        sorcery: 'latest',
50 silly install resolved        through2: 'latest',
50 silly install resolved        'travis-fold': 'latest',
50 silly install resolved        'ts-node': 'latest',
50 silly install resolved        tslint: '3.15.1',
50 silly install resolved        typescript: '2.0.*' },
50 silly install resolved     scripts:
50 silly install resolved      { pretest: 'jake tests',
50 silly install resolved        test: 'jake runtests-parallel',
50 silly install resolved        build: 'npm run build:compiler && npm run build:tests',
50 silly install resolved        'build:compiler': 'jake local',
50 silly install resolved        'build:tests': 'jake tests',
50 silly install resolved        start: 'node lib/tsc',
50 silly install resolved        clean: 'jake clean',
50 silly install resolved        gulp: 'gulp',
50 silly install resolved        jake: 'jake',
50 silly install resolved        lint: 'jake lint',
50 silly install resolved        'setup-hooks': 'node scripts/link-hooks.js' },
50 silly install resolved     browser: { buffer: false, fs: false, os: false, path: false },
50 silly install resolved     gitHead: '4f65a2885e000c27e5f079171d440797d7307b97',
50 silly install resolved     _id: 'typescript@2.0.3',
50 silly install resolved     _shasum: '33dec9eae86b8eee327dd419ca050c853cabd514',
50 silly install resolved     _from: 'typescript@latest',
50 silly install resolved     _npmVersion: '3.8.6',
50 silly install resolved     _nodeVersion: '5.11.1',
50 silly install resolved     _npmUser: { name: 'typescript', email: 'typescript@microsoft.com' },
50 silly install resolved     dist:
50 silly install resolved      { shasum: '33dec9eae86b8eee327dd419ca050c853cabd514',
50 silly install resolved        tarball: 'https://registry.npmjs.org/typescript/-/typescript-2.0.3.tgz' },
50 silly install resolved     maintainers: [ [Object] ],
50 silly install resolved     _npmOperationalInternal:
50 silly install resolved      { host: 'packages-12-west.internal.npmjs.com',
50 silly install resolved        tmp: 'tmp/typescript-2.0.3.tgz_1474560003144_0.4724818258546293' },
50 silly install resolved     directories: {},
50 silly install resolved     _resolved: 'https://registry.npmjs.org/typescript/-/typescript-2.0.3.tgz' } ]
51 info install typescript@2.0.3 into /usr/local/lib
52 info installOne typescript@2.0.3
53 verbose installOne of typescript to /usr/local/lib not in flight; installing
54 verbose correctMkdir /Users/test/.npm/_locks correctMkdir not in flight; initializing
55 verbose lock using /Users/test/.npm/_locks/typescript-5355178f5d1a073f.lock for /usr/local/lib/node_modules/typescript
56 silly install write writing typescript 2.0.3 to /usr/local/lib/node_modules/typescript
57 verbose unbuild lib/node_modules/typescript
58 silly gentlyRm /usr/local/lib/node_modules/typescript is being purged from base /usr/local
59 verbose gentlyRm don't care about contents; nuking /usr/local/lib/node_modules/typescript
60 verbose tar unpack /Users/test/.npm/typescript/2.0.3/package.tgz
61 verbose tar unpacking to /usr/local/lib/node_modules/typescript
62 silly gentlyRm /usr/local/lib/node_modules/typescript is being purged
63 verbose gentlyRm don't care about contents; nuking /usr/local/lib/node_modules/typescript
64 silly gunzTarPerm modes [ '755', '644' ]
65 error tar.unpack untar error /Users/test/.npm/typescript/2.0.3/package.tgz
66 verbose unlock done using /Users/test/.npm/_locks/typescript-5355178f5d1a073f.lock for /usr/local/lib/node_modules/typescript
67 verbose fstream_path /usr/local/lib/node_modules/typescript
68 verbose fstream_type Directory
69 verbose fstream_class DirWriter
70 verbose stack Error: EACCES: permission denied, mkdir '/usr/local/lib/node_modules/typescript'
70 verbose stack     at Error (native)
71 verbose fstream_stack /usr/local/lib/node_modules/npm/node_modules/fstream/lib/dir-writer.js:35:25
71 verbose fstream_stack /usr/local/lib/node_modules/npm/node_modules/mkdirp/index.js:47:53
71 verbose fstream_stack FSReqWrap.oncomplete (fs.js:82:15)
72 verbose cwd /Users/test/cs/Microsoft-Capstone/Shunji
73 error Darwin 16.0.0
74 error argv "/usr/local/bin/node" "/usr/local/bin/npm" "install" "-g" "typescript"
75 error node v4.6.0
76 error npm  v2.15.9
77 error path /usr/local/lib/node_modules/typescript
78 error code EACCES
79 error errno -13
80 error syscall mkdir
81 error Error: EACCES: permission denied, mkdir '/usr/local/lib/node_modules/typescript'
81 error     at Error (native)
81 error  { [Error: EACCES: permission denied, mkdir '/usr/local/lib/node_modules/typescript']
81 error   errno: -13,
81 error   code: 'EACCES',
81 error   syscall: 'mkdir',
81 error   path: '/usr/local/lib/node_modules/typescript',
81 error   fstream_type: 'Directory',
81 error   fstream_path: '/usr/local/lib/node_modules/typescript',
81 error   fstream_class: 'DirWriter',
81 error   fstream_stack:
81 error    [ '/usr/local/lib/node_modules/npm/node_modules/fstream/lib/dir-writer.js:35:25',
81 error      '/usr/local/lib/node_modules/npm/node_modules/mkdirp/index.js:47:53',
81 error      'FSReqWrap.oncomplete (fs.js:82:15)' ] }
82 error Please try running this command again as root/Administrator.
83 verbose exit [ -13, true ]
84 verbose unbuild lib/node_modules/typescript
85 silly gentlyRm /usr/local/lib/node_modules/typescript is being purged from base /usr/local
86 verbose gentlyRm don't care about contents; nuking /usr/local/lib/node_modules/typescript
